[ 2015-10-08T14:25:04+08:00 ] 127.0.0.1 /demo/shop/index.php?m=Home&c=User&a=login
ERR: 无法加载控制器:User

[ 2015-10-08T15:57:48+08:00 ] 127.0.0.1 /demo/shop/index.php?s=Home/User/login
INFO: [ app_init ] --START--
INFO: Run Behavior\BuildLiteBehavior [ RunTime:0.000037s ]
INFO: [ app_init ] --END-- [ RunTime:0.022525s ]
NOTIC: [8] Use of undefined constant URL_MODEL - assumed 'URL_MODEL' D:\wamp\www\demo\shop\Home\Conf\config.php 第 4 行.
INFO: [ app_begin ] --START--
INFO: Run Behavior\ReadHtmlCacheBehavior [ RunTime:0.000595s ]
INFO: [ app_begin ] --END-- [ RunTime:0.000710s ]
INFO: [ app_end ] --START--
INFO: Run Behavior\ShowPageTraceBehavior [ RunTime:0.000586s ]
INFO: [ app_end ] --END-- [ RunTime:0.000691s ]

[ 2015-10-08T15:57:51+08:00 ] 127.0.0.1 /demo/shop/index.php?s=Home/User/login
INFO: [ app_init ] --START--
INFO: Run Behavior\BuildLiteBehavior [ RunTime:0.000024s ]
INFO: [ app_init ] --END-- [ RunTime:0.000516s ]
NOTIC: [8] Use of undefined constant URL_MODEL - assumed 'URL_MODEL' D:\wamp\www\demo\shop\Home\Conf\config.php 第 4 行.
INFO: [ app_begin ] --START--
INFO: Run Behavior\ReadHtmlCacheBehavior [ RunTime:0.000444s ]
INFO: [ app_begin ] --END-- [ RunTime:0.000545s ]
INFO: [ app_end ] --START--
INFO: Run Behavior\ShowPageTraceBehavior [ RunTime:0.000512s ]
INFO: [ app_end ] --END-- [ RunTime:0.000616s ]

[ 2015-10-08T15:57:56+08:00 ] 127.0.0.1 /demo/shop/index.php?s=Home/User/login
INFO: [ app_init ] --START--
INFO: Run Behavior\BuildLiteBehavior [ RunTime:0.000022s ]
INFO: [ app_init ] --END-- [ RunTime:0.000493s ]
NOTIC: [8] Use of undefined constant URL_MODEL - assumed 'URL_MODEL' D:\wamp\www\demo\shop\Home\Conf\config.php 第 4 行.
INFO: [ app_begin ] --START--
INFO: Run Behavior\ReadHtmlCacheBehavior [ RunTime:0.000492s ]
INFO: [ app_begin ] --END-- [ RunTime:0.000623s ]
INFO: [ app_end ] --START--
INFO: Run Behavior\ShowPageTraceBehavior [ RunTime:0.000540s ]
INFO: [ app_end ] --END-- [ RunTime:0.000645s ]

[ 2015-10-08T15:59:51+08:00 ] 127.0.0.1 /demo/shop/index.php?s=Home/User/login
INFO: [ app_init ] --START--
INFO: Run Behavior\BuildLiteBehavior [ RunTime:0.000023s ]
INFO: [ app_init ] --END-- [ RunTime:0.000512s ]
NOTIC: [8] Use of undefined constant URL_MODEL - assumed 'URL_MODEL' D:\wamp\www\demo\shop\Home\Conf\config.php 第 4 行.
INFO: [ app_begin ] --START--
INFO: Run Behavior\ReadHtmlCacheBehavior [ RunTime:0.000550s ]
INFO: [ app_begin ] --END-- [ RunTime:0.000682s ]
INFO: [ app_end ] --START--
INFO: Run Behavior\ShowPageTraceBehavior [ RunTime:0.000582s ]
INFO: [ app_end ] --END-- [ RunTime:0.000687s ]

[ 2015-10-08T16:03:28+08:00 ] 127.0.0.1 /demo/shop/
INFO: [ app_init ] --START--
INFO: Run Behavior\BuildLiteBehavior [ RunTime:0.000024s ]
INFO: [ app_init ] --END-- [ RunTime:0.000461s ]
NOTIC: [8] Use of undefined constant URL_MODEL - assumed 'URL_MODEL' D:\wamp\www\demo\shop\Home\Conf\config.php 第 4 行.
INFO: [ app_begin ] --START--
INFO: Run Behavior\ReadHtmlCacheBehavior [ RunTime:0.000630s ]
INFO: [ app_begin ] --END-- [ RunTime:0.000751s ]
INFO: [ app_end ] --START--
INFO: Run Behavior\ShowPageTraceBehavior [ RunTime:0.000792s ]
INFO: [ app_end ] --END-- [ RunTime:0.000999s ]

[ 2015-10-08T16:08:29+08:00 ] 127.0.0.1 /demo/shop/index.php?s=Home/User/login
INFO: [ app_init ] --START--
INFO: Run Behavior\BuildLiteBehavior [ RunTime:0.000026s ]
INFO: [ app_init ] --END-- [ RunTime:0.000535s ]

[ 2015-10-08T16:08:46+08:00 ] 127.0.0.1 /demo/shop/index.php?s=Home/User/login
INFO: [ app_init ] --START--
INFO: Run Behavior\BuildLiteBehavior [ RunTime:0.000040s ]
INFO: [ app_init ] --END-- [ RunTime:0.000710s ]
NOTIC: [8] Use of undefined constant URL_MODEL - assumed 'URL_MODEL' D:\wamp\www\demo\shop\Home\Conf\config.php 第 4 行.

[ 2015-10-08T16:09:54+08:00 ] 127.0.0.1 /demo/shop/index.php?s=Home/User/login
INFO: [ app_init ] --START--
INFO: Run Behavior\BuildLiteBehavior [ RunTime:0.000023s ]
INFO: [ app_init ] --END-- [ RunTime:0.000486s ]
NOTIC: [8] Use of undefined constant URL_MODEL - assumed 'URL_MODEL' D:\wamp\www\demo\shop\Home\Conf\config.php 第 4 行.

[ 2015-10-08T16:44:55+08:00 ] 127.0.0.1 /demo/shop/index.php?s=Home/User/login
ERR: 模板不存在:D:/wamp/www/demo/shop/Home/View/User/login.html

[ 2015-10-08T16:45:39+08:00 ] 127.0.0.1 /demo/shop/index.php?s=Home/User/login
INFO: [ app_init ] --START--
INFO: Run Behavior\BuildLiteBehavior [ RunTime:0.000024s ]
INFO: [ app_init ] --END-- [ RunTime:0.000504s ]
NOTIC: [8] Use of undefined constant URL_MODEL - assumed 'URL_MODEL' D:\wamp\www\demo\shop\Home\Conf\config.php 第 4 行.
ERR: 模板不存在:D:/wamp/www/demo/shop/Home/View/User/login.html

[ 2015-10-08T16:47:30+08:00 ] 127.0.0.1 /demo/shop/index.php?s=Home/User/login
INFO: [ app_init ] --START--
INFO: Run Behavior\BuildLiteBehavior [ RunTime:0.000029s ]
INFO: [ app_init ] --END-- [ RunTime:0.000465s ]
NOTIC: [8] Use of undefined constant URL_MODEL - assumed 'URL_MODEL' D:\wamp\www\demo\shop\Home\Conf\config.php 第 4 行.

[ 2015-10-08T16:50:42+08:00 ] 127.0.0.1 /demo/shop/index.php?s=Home/User/login
INFO: [ app_init ] --START--
INFO: Run Behavior\BuildLiteBehavior [ RunTime:0.000031s ]
INFO: [ app_init ] --END-- [ RunTime:0.000511s ]
NOTIC: [8] Use of undefined constant URL_MODEL - assumed 'URL_MODEL' D:\wamp\www\demo\shop\Home\Conf\config.php 第 4 行.

[ 2015-10-08T16:50:43+08:00 ] 127.0.0.1 /demo/shop/index.php?s=Home/User/login
INFO: [ app_init ] --START--
INFO: Run Behavior\BuildLiteBehavior [ RunTime:0.000037s ]
INFO: [ app_init ] --END-- [ RunTime:0.000451s ]
NOTIC: [8] Use of undefined constant URL_MODEL - assumed 'URL_MODEL' D:\wamp\www\demo\shop\Home\Conf\config.php 第 4 行.

[ 2015-10-08T16:50:44+08:00 ] 127.0.0.1 /demo/shop/index.php?s=Home/User/login
INFO: [ app_init ] --START--
INFO: Run Behavior\BuildLiteBehavior [ RunTime:0.000022s ]
INFO: [ app_init ] --END-- [ RunTime:0.000492s ]
NOTIC: [8] Use of undefined constant URL_MODEL - assumed 'URL_MODEL' D:\wamp\www\demo\shop\Home\Conf\config.php 第 4 行.

[ 2015-10-08T17:08:19+08:00 ] 127.0.0.1 /demo/shop/index.php?s=Home/User/login
INFO: [ app_init ] --START--
INFO: Run Behavior\BuildLiteBehavior [ RunTime:0.000023s ]
INFO: [ app_init ] --END-- [ RunTime:0.000513s ]
NOTIC: [8] Use of undefined constant URL_MODEL - assumed 'URL_MODEL' D:\wamp\www\demo\shop\Home\Conf\config.php 第 4 行.

[ 2015-10-08T17:16:32+08:00 ] 127.0.0.1 /demo/shop/index.php?s=Home/User/login
INFO: [ app_init ] --START--
INFO: Run Behavior\BuildLiteBehavior [ RunTime:0.000032s ]
INFO: [ app_init ] --END-- [ RunTime:0.000608s ]
NOTIC: [8] Use of undefined constant URL_MODEL - assumed 'URL_MODEL' D:\wamp\www\demo\shop\Home\Conf\config.php 第 4 行.

[ 2015-10-08T17:16:34+08:00 ] 127.0.0.1 /demo/shop/index.php?s=Home/User/login
INFO: [ app_init ] --START--
INFO: Run Behavior\BuildLiteBehavior [ RunTime:0.000022s ]
INFO: [ app_init ] --END-- [ RunTime:0.000505s ]
NOTIC: [8] Use of undefined constant URL_MODEL - assumed 'URL_MODEL' D:\wamp\www\demo\shop\Home\Conf\config.php 第 4 行.

[ 2015-10-08T17:16:37+08:00 ] 127.0.0.1 /demo/shop/index.php?s=Home/User/login
INFO: [ app_init ] --START--
INFO: Run Behavior\BuildLiteBehavior [ RunTime:0.000022s ]
INFO: [ app_init ] --END-- [ RunTime:0.000504s ]
NOTIC: [8] Use of undefined constant URL_MODEL - assumed 'URL_MODEL' D:\wamp\www\demo\shop\Home\Conf\config.php 第 4 行.

[ 2015-10-08T17:18:24+08:00 ] 127.0.0.1 /demo/shop/index.php?s=Home/User/login
INFO: [ app_init ] --START--
INFO: Run Behavior\BuildLiteBehavior [ RunTime:0.000024s ]
INFO: [ app_init ] --END-- [ RunTime:0.000513s ]
NOTIC: [8] Use of undefined constant URL_MODEL - assumed 'URL_MODEL' D:\wamp\www\demo\shop\Home\Conf\config.php 第 4 行.

[ 2015-10-08T17:18:37+08:00 ] 127.0.0.1 /demo/shop/index.php?s=Home/User/login
INFO: [ app_init ] --START--
INFO: Run Behavior\BuildLiteBehavior [ RunTime:0.000041s ]
INFO: [ app_init ] --END-- [ RunTime:0.000737s ]
NOTIC: [8] Use of undefined constant URL_MODEL - assumed 'URL_MODEL' D:\wamp\www\demo\shop\Home\Conf\config.php 第 4 行.

[ 2015-10-08T17:19:09+08:00 ] 127.0.0.1 /demo/shop/index.php?s=Home/User/login
INFO: [ app_init ] --START--
INFO: Run Behavior\BuildLiteBehavior [ RunTime:0.000040s ]
INFO: [ app_init ] --END-- [ RunTime:0.000705s ]
NOTIC: [8] Use of undefined constant URL_MODEL - assumed 'URL_MODEL' D:\wamp\www\demo\shop\Home\Conf\config.php 第 4 行.

[ 2015-10-08T17:25:55+08:00 ] 127.0.0.1 /demo/shop/index.php?s=Home/User/login
INFO: [ app_init ] --START--
INFO: Run Behavior\BuildLiteBehavior [ RunTime:0.000041s ]
INFO: [ app_init ] --END-- [ RunTime:0.000711s ]
NOTIC: [8] Use of undefined constant URL_MODEL - assumed 'URL_MODEL' D:\wamp\www\demo\shop\Home\Conf\config.php 第 4 行.

[ 2015-10-08T17:25:56+08:00 ] 127.0.0.1 /demo/shop/index.php?s=Home/User/login
INFO: [ app_init ] --START--
INFO: Run Behavior\BuildLiteBehavior [ RunTime:0.000037s ]
INFO: [ app_init ] --END-- [ RunTime:0.000899s ]
NOTIC: [8] Use of undefined constant URL_MODEL - assumed 'URL_MODEL' D:\wamp\www\demo\shop\Home\Conf\config.php 第 4 行.

[ 2015-10-08T17:25:56+08:00 ] 127.0.0.1 /demo/shop/index.php?s=Home/User/login
INFO: [ app_init ] --START--
INFO: Run Behavior\BuildLiteBehavior [ RunTime:0.000025s ]
INFO: [ app_init ] --END-- [ RunTime:0.000536s ]
NOTIC: [8] Use of undefined constant URL_MODEL - assumed 'URL_MODEL' D:\wamp\www\demo\shop\Home\Conf\config.php 第 4 行.

[ 2015-10-08T17:25:56+08:00 ] 127.0.0.1 /demo/shop/index.php?s=Home/User/login
INFO: [ app_init ] --START--
INFO: Run Behavior\BuildLiteBehavior [ RunTime:0.000043s ]
INFO: [ app_init ] --END-- [ RunTime:0.000695s ]
NOTIC: [8] Use of undefined constant URL_MODEL - assumed 'URL_MODEL' D:\wamp\www\demo\shop\Home\Conf\config.php 第 4 行.

[ 2015-10-08T17:25:57+08:00 ] 127.0.0.1 /demo/shop/index.php?s=Home/User/login
INFO: [ app_init ] --START--
INFO: Run Behavior\BuildLiteBehavior [ RunTime:0.000027s ]
INFO: [ app_init ] --END-- [ RunTime:0.000544s ]
NOTIC: [8] Use of undefined constant URL_MODEL - assumed 'URL_MODEL' D:\wamp\www\demo\shop\Home\Conf\config.php 第 4 行.

[ 2015-10-08T17:25:57+08:00 ] 127.0.0.1 /demo/shop/index.php?s=Home/User/login
INFO: [ app_init ] --START--
INFO: Run Behavior\BuildLiteBehavior [ RunTime:0.000047s ]
INFO: [ app_init ] --END-- [ RunTime:0.000786s ]
NOTIC: [8] Use of undefined constant URL_MODEL - assumed 'URL_MODEL' D:\wamp\www\demo\shop\Home\Conf\config.php 第 4 行.

[ 2015-10-08T17:25:57+08:00 ] 127.0.0.1 /demo/shop/index.php?s=Home/User/login
INFO: [ app_init ] --START--
INFO: Run Behavior\BuildLiteBehavior [ RunTime:0.000024s ]
INFO: [ app_init ] --END-- [ RunTime:0.000422s ]
NOTIC: [8] Use of undefined constant URL_MODEL - assumed 'URL_MODEL' D:\wamp\www\demo\shop\Home\Conf\config.php 第 4 行.

[ 2015-10-08T17:25:57+08:00 ] 127.0.0.1 /demo/shop/index.php?s=Home/User/login
INFO: [ app_init ] --START--
INFO: Run Behavior\BuildLiteBehavior [ RunTime:0.000058s ]
INFO: [ app_init ] --END-- [ RunTime:0.001044s ]
NOTIC: [8] Use of undefined constant URL_MODEL - assumed 'URL_MODEL' D:\wamp\www\demo\shop\Home\Conf\config.php 第 4 行.

[ 2015-10-08T17:29:06+08:00 ] 127.0.0.1 /demo/shop/index.php?s=Home/User/login
INFO: [ app_init ] --START--
INFO: Run Behavior\BuildLiteBehavior [ RunTime:0.000042s ]
INFO: [ app_init ] --END-- [ RunTime:0.000806s ]
NOTIC: [8] Use of undefined constant URL_MODEL - assumed 'URL_MODEL' D:\wamp\www\demo\shop\Home\Conf\config.php 第 4 行.

[ 2015-10-08T17:33:01+08:00 ] 127.0.0.1 /demo/shop/index.php?s=Home/User/login
INFO: [ app_init ] --START--
INFO: Run Behavior\BuildLiteBehavior [ RunTime:0.000025s ]
INFO: [ app_init ] --END-- [ RunTime:0.000476s ]
NOTIC: [8] Use of undefined constant URL_MODEL - assumed 'URL_MODEL' D:\wamp\www\demo\shop\Home\Conf\config.php 第 4 行.

[ 2015-10-08T17:33:07+08:00 ] 127.0.0.1 /demo/shop/index.php?s=Home/User/login
INFO: [ app_init ] --START--
INFO: Run Behavior\BuildLiteBehavior [ RunTime:0.000023s ]
INFO: [ app_init ] --END-- [ RunTime:0.000501s ]
NOTIC: [8] Use of undefined constant URL_MODEL - assumed 'URL_MODEL' D:\wamp\www\demo\shop\Home\Conf\config.php 第 4 行.

[ 2015-10-08T17:33:13+08:00 ] 127.0.0.1 /demo/shop/index.php?s=Home/User/login
INFO: [ app_init ] --START--
INFO: Run Behavior\BuildLiteBehavior [ RunTime:0.000028s ]
INFO: [ app_init ] --END-- [ RunTime:0.000578s ]
NOTIC: [8] Use of undefined constant URL_MODEL - assumed 'URL_MODEL' D:\wamp\www\demo\shop\Home\Conf\config.php 第 4 行.

[ 2015-10-08T17:33:16+08:00 ] 127.0.0.1 /demo/shop/index.php?s=Home/User/login
INFO: [ app_init ] --START--
INFO: Run Behavior\BuildLiteBehavior [ RunTime:0.000038s ]
INFO: [ app_init ] --END-- [ RunTime:0.000648s ]
NOTIC: [8] Use of undefined constant URL_MODEL - assumed 'URL_MODEL' D:\wamp\www\demo\shop\Home\Conf\config.php 第 4 行.

[ 2015-10-08T17:33:20+08:00 ] 127.0.0.1 /demo/shop/index.php?s=Home/User/login
INFO: [ app_init ] --START--
INFO: Run Behavior\BuildLiteBehavior [ RunTime:0.000024s ]
INFO: [ app_init ] --END-- [ RunTime:0.000450s ]
NOTIC: [8] Use of undefined constant URL_MODEL - assumed 'URL_MODEL' D:\wamp\www\demo\shop\Home\Conf\config.php 第 4 行.

[ 2015-10-08T17:40:17+08:00 ] 127.0.0.1 /demo/shop/index.php?s=Home/User/register
INFO: [ app_init ] --START--
INFO: Run Behavior\BuildLiteBehavior [ RunTime:0.000024s ]
INFO: [ app_init ] --END-- [ RunTime:0.000457s ]
NOTIC: [8] Use of undefined constant URL_MODEL - assumed 'URL_MODEL' D:\wamp\www\demo\shop\Home\Conf\config.php 第 4 行.

[ 2015-10-08T17:40:28+08:00 ] 127.0.0.1 /demo/shop/index.php?s=Home/User/register
INFO: [ app_init ] --START--
INFO: Run Behavior\BuildLiteBehavior [ RunTime:0.000027s ]
INFO: [ app_init ] --END-- [ RunTime:0.000722s ]
NOTIC: [8] Use of undefined constant URL_MODEL - assumed 'URL_MODEL' D:\wamp\www\demo\shop\Home\Conf\config.php 第 4 行.

[ 2015-10-08T17:41:22+08:00 ] 127.0.0.1 /demo/shop/index.php?s=Home/User/register
INFO: [ app_init ] --START--
INFO: Run Behavior\BuildLiteBehavior [ RunTime:0.000027s ]
INFO: [ app_init ] --END-- [ RunTime:0.000594s ]
NOTIC: [8] Use of undefined constant URL_MODEL - assumed 'URL_MODEL' D:\wamp\www\demo\shop\Home\Conf\config.php 第 4 行.

[ 2015-10-08T17:41:23+08:00 ] 127.0.0.1 /demo/shop/index.php?s=Home/User/register
INFO: [ app_init ] --START--
INFO: Run Behavior\BuildLiteBehavior [ RunTime:0.000037s ]
INFO: [ app_init ] --END-- [ RunTime:0.000779s ]
NOTIC: [8] Use of undefined constant URL_MODEL - assumed 'URL_MODEL' D:\wamp\www\demo\shop\Home\Conf\config.php 第 4 行.

[ 2015-10-08T17:41:23+08:00 ] 127.0.0.1 /demo/shop/index.php?s=Home/User/register
INFO: [ app_init ] --START--
INFO: Run Behavior\BuildLiteBehavior [ RunTime:0.000030s ]
INFO: [ app_init ] --END-- [ RunTime:0.000715s ]
NOTIC: [8] Use of undefined constant URL_MODEL - assumed 'URL_MODEL' D:\wamp\www\demo\shop\Home\Conf\config.php 第 4 行.

[ 2015-10-08T17:42:47+08:00 ] 127.0.0.1 /demo/shop/index.php?s=Home/User/register
INFO: [ app_init ] --START--
INFO: Run Behavior\BuildLiteBehavior [ RunTime:0.000025s ]
INFO: [ app_init ] --END-- [ RunTime:0.000595s ]
NOTIC: [8] Use of undefined constant URL_MODEL - assumed 'URL_MODEL' D:\wamp\www\demo\shop\Home\Conf\config.php 第 4 行.

[ 2015-10-08T17:42:51+08:00 ] 127.0.0.1 /demo/shop/index.php?s=Home/User/register
INFO: [ app_init ] --START--
INFO: Run Behavior\BuildLiteBehavior [ RunTime:0.000022s ]
INFO: [ app_init ] --END-- [ RunTime:0.000470s ]
NOTIC: [8] Use of undefined constant URL_MODEL - assumed 'URL_MODEL' D:\wamp\www\demo\shop\Home\Conf\config.php 第 4 行.

[ 2015-10-08T17:48:21+08:00 ] 127.0.0.1 /demo/shop/index.php?s=Home/Goods/showlist
INFO: [ app_init ] --START--
INFO: Run Behavior\BuildLiteBehavior [ RunTime:0.000038s ]
INFO: [ app_init ] --END-- [ RunTime:0.000700s ]
NOTIC: [8] Use of undefined constant URL_MODEL - assumed 'URL_MODEL' D:\wamp\www\demo\shop\Home\Conf\config.php 第 4 行.

[ 2015-10-08T17:50:10+08:00 ] 127.0.0.1 /demo/shop/index.php?s=Home/goods/showlist
INFO: [ app_init ] --START--
INFO: Run Behavior\BuildLiteBehavior [ RunTime:0.000023s ]
INFO: [ app_init ] --END-- [ RunTime:0.000512s ]
NOTIC: [8] Use of undefined constant URL_MODEL - assumed 'URL_MODEL' D:\wamp\www\demo\shop\Home\Conf\config.php 第 4 行.

